This is pdfTeX, Version 3.1415926-2.5-1.40.14 (MiKTeX 2.9 64-bit) (preloaded format=pdflatex 2015.8.15)  30 JAN 2017 23:39
entering extended mode
**PIM-Managed*Concurrent*Data*Structures.tex

("D:\research\PIM-Managed Concurrent Data Structures\PIM-Managed Concurrent Dat
a Structures.tex"
LaTeX2e <2011/06/27>
Babel <v3.8m> and hyphenation patterns for english, afrikaans, ancientgreek, ar
abic, armenian, assamese, basque, bengali, bokmal, bulgarian, catalan, coptic, 
croatian, czech, danish, dutch, esperanto, estonian, farsi, finnish, french, ga
lician, german, german-x-2013-05-26, greek, gujarati, hindi, hungarian, iceland
ic, indonesian, interlingua, irish, italian, kannada, kurmanji, latin, latvian,
 lithuanian, malayalam, marathi, mongolian, mongolianlmc, monogreek, ngerman, n
german-x-2013-05-26, nynorsk, oriya, panjabi, pinyin, polish, portuguese, roman
ian, russian, sanskrit, serbian, slovak, slovenian, spanish, swedish, swissgerm
an, tamil, telugu, turkish, turkmen, ukenglish, ukrainian, uppersorbian, usengl
ishmax, welsh, loaded.
(D:\MiKTeX\tex\latex\base\article.cls
Document Class: article 2007/10/19 v1.4h Standard LaTeX document class
(D:\MiKTeX\tex\latex\base\size11.clo
File: size11.clo 2007/10/19 v1.4h Standard LaTeX file (size option)
)
\c@part=\count79
\c@section=\count80
\c@subsection=\count81
\c@subsubsection=\count82
\c@paragraph=\count83
\c@subparagraph=\count84
\c@figure=\count85
\c@table=\count86
\abovecaptionskip=\skip41
\belowcaptionskip=\skip42
\bibindent=\dimen102
)
(D:\MiKTeX\tex\latex\preprint\fullpage.sty
Package: fullpage 1999/02/23 1.1 (PWD)
\FP@margin=\skip43
)
(D:\MiKTeX\tex\latex\geometry\geometry.sty
Package: geometry 2010/09/12 v5.6 Page Geometry

(D:\MiKTeX\tex\latex\graphics\keyval.sty
Package: keyval 1999/03/16 v1.13 key=value parser (DPC)
\KV@toks@=\toks14
)
(D:\MiKTeX\tex\generic\oberdiek\ifpdf.sty
Package: ifpdf 2011/01/30 v2.3 Provides the ifpdf switch (HO)
Package ifpdf Info: pdfTeX in PDF mode is detected.
)
(D:\MiKTeX\tex\generic\oberdiek\ifvtex.sty
Package: ifvtex 2010/03/01 v1.5 Detect VTeX and its facilities (HO)
Package ifvtex Info: VTeX not detected.
)
(D:\MiKTeX\tex\generic\ifxetex\ifxetex.sty
Package: ifxetex 2010/09/12 v0.6 Provides ifxetex conditional
)
\Gm@cnth=\count87
\Gm@cntv=\count88
\c@Gm@tempcnt=\count89
\Gm@bindingoffset=\dimen103
\Gm@wd@mp=\dimen104
\Gm@odd@mp=\dimen105
\Gm@even@mp=\dimen106
\Gm@layoutwidth=\dimen107
\Gm@layoutheight=\dimen108
\Gm@layouthoffset=\dimen109
\Gm@layoutvoffset=\dimen110
\Gm@dimlist=\toks15

(D:\MiKTeX\tex\latex\geometry\geometry.cfg))
(D:\MiKTeX\tex\latex\graphics\graphicx.sty
Package: graphicx 1999/02/16 v1.0f Enhanced LaTeX Graphics (DPC,SPQR)

(D:\MiKTeX\tex\latex\graphics\graphics.sty
Package: graphics 2009/02/05 v1.0o Standard LaTeX Graphics (DPC,SPQR)

(D:\MiKTeX\tex\latex\graphics\trig.sty
Package: trig 1999/03/16 v1.09 sin cos tan (DPC)
)
(D:\MiKTeX\tex\latex\00miktex\graphics.cfg
File: graphics.cfg 2007/01/18 v1.5 graphics configuration of teTeX/TeXLive
)
Package graphics Info: Driver file: pdftex.def on input line 91.

(D:\MiKTeX\tex\latex\pdftex-def\pdftex.def
File: pdftex.def 2011/05/27 v0.06d Graphics/color for pdfTeX

(D:\MiKTeX\tex\generic\oberdiek\infwarerr.sty
Package: infwarerr 2010/04/08 v1.3 Providing info/warning/error messages (HO)
)
(D:\MiKTeX\tex\generic\oberdiek\ltxcmds.sty
Package: ltxcmds 2011/11/09 v1.22 LaTeX kernel commands for general use (HO)
)
\Gread@gobject=\count90
))
\Gin@req@height=\dimen111
\Gin@req@width=\dimen112
)
(D:\MiKTeX\tex\latex\amsfonts\amssymb.sty
Package: amssymb 2013/01/14 v3.01 AMS font symbols

(D:\MiKTeX\tex\latex\amsfonts\amsfonts.sty
Package: amsfonts 2013/01/14 v3.01 Basic AMSFonts support
\@emptytoks=\toks16
\symAMSa=\mathgroup4
\symAMSb=\mathgroup5
LaTeX Font Info:    Overwriting math alphabet `\mathfrak' in version `bold'
(Font)                  U/euf/m/n --> U/euf/b/n on input line 106.
))
(D:\MiKTeX\tex\latex\algorithm2e\algorithm2e.sty
Package: algorithm2e 2013/01/06 v5.00 algorithms environments
\c@AlgoLine=\count91

(D:\MiKTeX\tex\latex\base\ifthen.sty
Package: ifthen 2001/05/26 v1.1c Standard LaTeX ifthen package (DPC)
)
\algocf@hangindent=\skip44
 (D:\MiKTeX\tex\latex\tools\xspace.sty
Package: xspace 2009/10/20 v1.13 Space after command names (DPC,MH)
)
(D:\MiKTeX\tex\latex\ltxmisc\relsize.sty
Package: relsize 2003/07/04 ver 3.1
)
********************************************************
Package `algorithm2e' Release 5.1 -- october 19 2015 --
- algorithm2e-announce@lirmm.fr mailing list for announcement about releases
- algorithm2e-discussion@lirmm.fr mailing list for discussion about package
subscribe by emailing sympa@lirmm.fr with 'subscribe <list> <firstname name>'
- Author: Christophe Fiorio (christophe.fiorio@umontpellier.fr)
********************************************************
\skiptotal=\skip45
\skiplinenumber=\skip46
\skiprule=\skip47
\skiphlne=\skip48
\skiptext=\skip49
\skiplength=\skip50
\algomargin=\skip51
\skipalgocfslide=\skip52
\algowidth=\dimen113
\inoutsize=\dimen114
\inoutindent=\dimen115
\interspacetitleruled=\dimen116
\interspacealgoruled=\dimen117
\interspacetitleboxruled=\dimen118
\algocf@ruledwidth=\skip53
\algocf@inoutbox=\box26
\algocf@inputbox=\box27
\AlCapSkip=\skip54
\AlCapHSkip=\skip55
\algoskipindent=\skip56
\algocf@nlbox=\box28
\algocf@hangingbox=\box29
\algocf@untilbox=\box30
\algocf@skipuntil=\skip57
\algocf@capbox=\box31
\algoheightruledefault=\skip58
\algoheightrule=\skip59
\algotitleheightruledefault=\skip60
\algotitleheightrule=\skip61
\c@algocfline=\count92
\c@algocfproc=\count93
\c@algocf=\count94
\algocf@algoframe=\box32
\algocf@algobox=\box33
) (D:\MiKTeX\tex\latex\subfigure\subfigure.sty
Package: subfigure 2002/07/30 v2.1.4 subfigure package
\subfigtopskip=\skip62
\subfigcapskip=\skip63
\subfigcaptopadj=\dimen119
\subfigbottomskip=\skip64
\subfigcapmargin=\dimen120
\subfiglabelskip=\skip65
\c@subfigure=\count95
\c@lofdepth=\count96
\c@subtable=\count97
\c@lotdepth=\count98

****************************************
* Local config file subfigure.cfg used *
****************************************
(D:\MiKTeX\tex\latex\subfigure\subfigure.cfg)
\subfig@top=\skip66
\subfig@bottom=\skip67
)
(D:\MiKTeX\tex\latex\oberdiek\epstopdf.sty
Package: epstopdf 2010/02/09 v2.5 Conversion with epstopdf on the fly (HO)

(D:\MiKTeX\tex\latex\oberdiek\epstopdf-base.sty
Package: epstopdf-base 2010/02/09 v2.5 Base part for package epstopdf

(D:\MiKTeX\tex\latex\oberdiek\grfext.sty
Package: grfext 2010/08/19 v1.1 Manage graphics extensions (HO)

(D:\MiKTeX\tex\generic\oberdiek\kvdefinekeys.sty
Package: kvdefinekeys 2011/04/07 v1.3 Define keys (HO)
))
(D:\MiKTeX\tex\latex\oberdiek\kvoptions.sty
Package: kvoptions 2011/06/30 v3.11 Key value format for package options (HO)

(D:\MiKTeX\tex\generic\oberdiek\kvsetkeys.sty
Package: kvsetkeys 2012/04/25 v1.16 Key value parser (HO)

(D:\MiKTeX\tex\generic\oberdiek\etexcmds.sty
Package: etexcmds 2011/02/16 v1.5 Avoid name clashes with e-TeX commands (HO)

(D:\MiKTeX\tex\generic\oberdiek\ifluatex.sty
Package: ifluatex 2010/03/01 v1.3 Provides the ifluatex switch (HO)
Package ifluatex Info: LuaTeX not detected.
)
Package etexcmds Info: Could not find \expanded.
(etexcmds)             That can mean that you are not using pdfTeX 1.50 or
(etexcmds)             that some package has redefined \expanded.
(etexcmds)             In the latter case, load this package earlier.
)))
(D:\MiKTeX\tex\generic\oberdiek\pdftexcmds.sty
Package: pdftexcmds 2011/11/29 v0.20 Utility functions of pdfTeX for LuaTeX (HO
)
Package pdftexcmds Info: LuaTeX not detected.
Package pdftexcmds Info: \pdf@primitive is available.
Package pdftexcmds Info: \pdf@ifprimitive is available.
Package pdftexcmds Info: \pdfdraftmode found.
)
Package grfext Info: Graphics extension search list:
(grfext)             [.png,.pdf,.jpg,.mps,.jpeg,.jbig2,.jb2,.PNG,.PDF,.JPG,.JPE
G,.JBIG2,.JB2,.eps]
(grfext)             \AppendGraphicsExtensions on input line 452.
))
(D:\MiKTeX\tex\latex\tools\multicol.sty
Package: multicol 2011/06/27 v1.7a multicolumn formatting (FMi)
\c@tracingmulticols=\count99
\mult@box=\box34
\multicol@leftmargin=\dimen121
\c@unbalance=\count100
\c@collectmore=\count101
\doublecol@number=\count102
\multicoltolerance=\count103
\multicolpretolerance=\count104
\full@width=\dimen122
\page@free=\dimen123
\premulticols=\dimen124
\postmulticols=\dimen125
\multicolsep=\skip68
\multicolbaselineskip=\skip69
\partial@page=\box35
\last@line=\box36
\mult@rightbox=\box37
\mult@grightbox=\box38
\mult@gfirstbox=\box39
\mult@firstbox=\box40
\@tempa=\box41
\@tempa=\box42
\@tempa=\box43
\@tempa=\box44
\@tempa=\box45
\@tempa=\box46
\@tempa=\box47
\@tempa=\box48
\@tempa=\box49
\@tempa=\box50
\@tempa=\box51
\@tempa=\box52
\@tempa=\box53
\@tempa=\box54
\@tempa=\box55
\@tempa=\box56
\@tempa=\box57
\c@columnbadness=\count105
\c@finalcolumnbadness=\count106
\last@try=\dimen126
\multicolovershoot=\dimen127
\multicolundershoot=\dimen128
\mult@nat@firstbox=\box58
\colbreak@box=\box59
\multicol@sort@counter=\count107
)
\c@theorem=\count108

("D:\research\PIM-Managed Concurrent Data Structures\PIM-Managed Concurrent Dat
a Structures.aux")
LaTeX Font Info:    Checking defaults for OML/cmm/m/it on input line 46.
LaTeX Font Info:    ... okay on input line 46.
LaTeX Font Info:    Checking defaults for T1/cmr/m/n on input line 46.
LaTeX Font Info:    ... okay on input line 46.
LaTeX Font Info:    Checking defaults for OT1/cmr/m/n on input line 46.
LaTeX Font Info:    ... okay on input line 46.
LaTeX Font Info:    Checking defaults for OMS/cmsy/m/n on input line 46.
LaTeX Font Info:    ... okay on input line 46.
LaTeX Font Info:    Checking defaults for OMX/cmex/m/n on input line 46.
LaTeX Font Info:    ... okay on input line 46.
LaTeX Font Info:    Checking defaults for U/cmr/m/n on input line 46.
LaTeX Font Info:    ... okay on input line 46.

*geometry* driver: auto-detecting
*geometry* detected driver: pdftex
*geometry* verbose mode - [ preamble ] result:
* driver: pdftex
* paper: letterpaper
* layout: <same size as paper>
* layoutoffset:(h,v)=(0.0pt,0.0pt)
* modes: 
* h-part:(L,W,R)=(72.26999pt, 469.75502pt, 72.26999pt)
* v-part:(T,H,B)=(72.26999pt, 650.43001pt, 72.26999pt)
* \paperwidth=614.295pt
* \paperheight=794.96999pt
* \textwidth=469.75502pt
* \textheight=650.43001pt
* \oddsidemargin=0.0pt
* \evensidemargin=0.0pt
* \topmargin=0.0pt
* \headheight=0.0pt
* \headsep=0.0pt
* \topskip=11.0pt
* \footskip=30.0pt
* \marginparwidth=59.0pt
* \marginparsep=10.0pt
* \columnsep=10.0pt
* \skip\footins=10.0pt plus 4.0pt minus 2.0pt
* \hoffset=0.0pt
* \voffset=0.0pt
* \mag=1000
* \@twocolumnfalse
* \@twosidefalse
* \@mparswitchfalse
* \@reversemarginfalse
* (1in=72.27pt=25.4mm, 1cm=28.453pt)

(D:\MiKTeX\tex\context\base\supp-pdf.mkii
[Loading MPS to PDF converter (version 2006.09.02).]
\scratchcounter=\count109
\scratchdimen=\dimen129
\scratchbox=\box60
\nofMPsegments=\count110
\nofMParguments=\count111
\everyMPshowfont=\toks17
\MPscratchCnt=\count112
\MPscratchDim=\dimen130
\MPnumerator=\count113
\makeMPintoPDFobject=\count114
\everyMPtoPDFconversion=\toks18
)
LaTeX Font Info:    Try loading font information for U+msa on input line 47.
 (D:\MiKTeX\tex\latex\amsfonts\umsa.fd
File: umsa.fd 2013/01/14 v3.01 AMS symbols A
)
LaTeX Font Info:    Try loading font information for U+msb on input line 47.
 (D:\MiKTeX\tex\latex\amsfonts\umsb.fd
File: umsb.fd 2013/01/14 v3.01 AMS symbols B
) [1

{C:/ProgramData/MiKTeX/2.9/pdftex/config/pdftex.map}]
Package epstopdf Info: Source file: <model.eps>
(epstopdf)                    date: 2016-09-25 20:30:14
(epstopdf)                    size: 6070387 bytes
(epstopdf)             Output file: <model-eps-converted-to.pdf>
(epstopdf)                    date: 2016-09-25 20:31:21
(epstopdf)                    size: 168720 bytes
(epstopdf)             Command: <epstopdf --outfile=model-eps-converted-to.pdf 
model.eps>
(epstopdf)             \includegraphics on input line 132.
Package epstopdf Info: Output file is already uptodate.

<model-eps-converted-to.pdf, id=8, 2392.94pt x 2055.68pt>
File: model-eps-converted-to.pdf Graphic file (type pdf)

<use model-eps-converted-to.pdf>
Package pdftex.def Info: model-eps-converted-to.pdf used on input line 132.
(pdftex.def)             Requested size: 234.8775pt x 201.75325pt.
 [2] [3 <D:/research/PIM-Managed Concurrent Data Structures/model-eps-converted
-to.pdf>] [4]
LaTeX Font Info:    Try loading font information for OMS+cmr on input line 303.


(D:\MiKTeX\tex\latex\base\omscmr.fd
File: omscmr.fd 1999/05/25 v2.5h Standard LaTeX font definitions
)
LaTeX Font Info:    Font shape `OMS/cmr/m/n' in size <10.95> not available
(Font)              Font shape `OMS/cmsy/m/n' tried instead on input line 303.
 [5]
Package epstopdf Info: Source file: <linkedlist_data.eps>
(epstopdf)                    date: 2017-01-26 18:29:23
(epstopdf)                    size: 1595690 bytes
(epstopdf)             Output file: <linkedlist_data-eps-converted-to.pdf>
(epstopdf)                    date: 2017-01-26 18:30:10
(epstopdf)                    size: 346242 bytes
(epstopdf)             Command: <epstopdf --outfile=linkedlist_data-eps-convert
ed-to.pdf linkedlist_data.eps>
(epstopdf)             \includegraphics on input line 355.
Package epstopdf Info: Output file is already uptodate.

<linkedlist_data-eps-converted-to.pdf, id=37, 4802.94376pt x 2755.29375pt>
File: linkedlist_data-eps-converted-to.pdf Graphic file (type pdf)

<use linkedlist_data-eps-converted-to.pdf>
Package pdftex.def Info: linkedlist_data-eps-converted-to.pdf used on input lin
e 355.
(pdftex.def)             Requested size: 375.80544pt x 215.55109pt.
 [6 <D:/research/PIM-Managed Concurrent Data Structures/linkedlist_data-eps-con
verted-to.pdf>]
Package epstopdf Info: Source file: <skiplist_structure.eps>
(epstopdf)                    date: 2016-09-16 14:27:32
(epstopdf)                    size: 8729893 bytes
(epstopdf)             Output file: <skiplist_structure-eps-converted-to.pdf>
(epstopdf)                    date: 2016-09-16 14:27:59
(epstopdf)                    size: 351950 bytes
(epstopdf)             Command: <epstopdf --outfile=skiplist_structure-eps-conv
erted-to.pdf skiplist_structure.eps>
(epstopdf)             \includegraphics on input line 409.
Package epstopdf Info: Output file is already uptodate.

<skiplist_structure-eps-converted-to.pdf, id=44, 4243.855pt x 2115.905pt>
File: skiplist_structure-eps-converted-to.pdf Graphic file (type pdf)

<use skiplist_structure-eps-converted-to.pdf>
Package pdftex.def Info: skiplist_structure-eps-converted-to.pdf used on input 
line 409.
(pdftex.def)             Requested size: 375.80544pt x 187.35605pt.
 [7 <D:/research/PIM-Managed Concurrent Data Structures/skiplist_structure-eps-
converted-to.pdf>]
Package epstopdf Info: Source file: <skiplist_data.eps>
(epstopdf)                    date: 2017-01-26 18:37:10
(epstopdf)                    size: 2086728 bytes
(epstopdf)             Output file: <skiplist_data-eps-converted-to.pdf>
(epstopdf)                    date: 2017-01-26 18:38:08
(epstopdf)                    size: 525335 bytes
(epstopdf)             Command: <epstopdf --outfile=skiplist_data-eps-converted
-to.pdf skiplist_data.eps>
(epstopdf)             \includegraphics on input line 487.
Package epstopdf Info: Output file is already uptodate.

<skiplist_data-eps-converted-to.pdf, id=52, 5035.81375pt x 2650.90375pt>
File: skiplist_data-eps-converted-to.pdf Graphic file (type pdf)

<use skiplist_data-eps-converted-to.pdf>
Package pdftex.def Info: skiplist_data-eps-converted-to.pdf used on input line 
487.
(pdftex.def)             Requested size: 375.80544pt x 197.79796pt.
 [8 <D:/research/PIM-Managed Concurrent Data Structures/skiplist_data-eps-conve
rted-to.pdf>] [9]
Package epstopdf Info: Source file: <queue_structure.eps>
(epstopdf)                    date: 2017-01-22 22:19:52
(epstopdf)                    size: 4300477 bytes
(epstopdf)             Output file: <queue_structure-eps-converted-to.pdf>
(epstopdf)                    date: 2017-01-22 22:20:32
(epstopdf)                    size: 302606 bytes
(epstopdf)             Command: <epstopdf --outfile=queue_structure-eps-convert
ed-to.pdf queue_structure.eps>
(epstopdf)             \includegraphics on input line 598.
Package epstopdf Info: Output file is already uptodate.

<queue_structure-eps-converted-to.pdf, id=62, 3994.925pt x 1429.34pt>
File: queue_structure-eps-converted-to.pdf Graphic file (type pdf)

<use queue_structure-eps-converted-to.pdf>
Package pdftex.def Info: queue_structure-eps-converted-to.pdf used on input lin
e 598.
(pdftex.def)             Requested size: 375.80544pt x 134.4583pt.
 [10 <D:/research/PIM-Managed Concurrent Data Structures/queue_structure-eps-co
nverted-to.pdf>] [11] [12] [13]
Package epstopdf Info: Source file: <queue_pipeline.eps>
(epstopdf)                    date: 2016-09-16 15:07:47
(epstopdf)                    size: 1564562 bytes
(epstopdf)             Output file: <queue_pipeline-eps-converted-to.pdf>
(epstopdf)                    date: 2016-09-16 15:11:08
(epstopdf)                    size: 174785 bytes
(epstopdf)             Command: <epstopdf --outfile=queue_pipeline-eps-converte
d-to.pdf queue_pipeline.eps>
(epstopdf)             \includegraphics on input line 825.
Package epstopdf Info: Output file is already uptodate.

<queue_pipeline-eps-converted-to.pdf, id=81, 2308.625pt x 1437.37pt>
File: queue_pipeline-eps-converted-to.pdf Graphic file (type pdf)

<use queue_pipeline-eps-converted-to.pdf>
Package pdftex.def Info: queue_pipeline-eps-converted-to.pdf used on input line
 825.
(pdftex.def)             Requested size: 211.38832pt x 131.59483pt.
Package epstopdf Info: Source file: <queue_pipeline_timeline.eps>
(epstopdf)                    date: 2016-09-16 15:38:48
(epstopdf)                    size: 3531903 bytes
(epstopdf)             Output file: <queue_pipeline_timeline-eps-converted-to.p
df>
(epstopdf)                    date: 2016-09-16 15:39:17
(epstopdf)                    size: 77773 bytes
(epstopdf)             Command: <epstopdf --outfile=queue_pipeline_timeline-eps
-converted-to.pdf queue_pipeline_timeline.eps>
(epstopdf)             \includegraphics on input line 826.
Package epstopdf Info: Output file is already uptodate.

<queue_pipeline_timeline-eps-converted-to.pdf, id=82, 3700.82625pt x 1249.66875
pt>
File: queue_pipeline_timeline-eps-converted-to.pdf Graphic file (type pdf)
 <use queue_pipeline_timeline-eps-converted-to.pdf>
Package pdftex.def Info: queue_pipeline_timeline-eps-converted-to.pdf used on i
nput line 826.
(pdftex.def)             Requested size: 211.38832pt x 71.37296pt.
 [14 <D:/research/PIM-Managed Concurrent Data Structures/queue_pipeline-eps-con
verted-to.pdf> <D:/research/PIM-Managed Concurrent Data Structures/queue_pipeli
ne_timeline-eps-converted-to.pdf>]
Package epstopdf Info: Source file: <queue_FC.eps>
(epstopdf)                    date: 2017-01-26 18:08:19
(epstopdf)                    size: 1103204 bytes
(epstopdf)             Output file: <queue_FC-eps-converted-to.pdf>
(epstopdf)                    date: 2017-01-26 18:10:06
(epstopdf)                    size: 168463 bytes
(epstopdf)             Command: <epstopdf --outfile=queue_FC-eps-converted-to.p
df queue_FC.eps>
(epstopdf)             \includegraphics on input line 922.
Package epstopdf Info: Output file is already uptodate.
 <queue_FC-eps-converted-to.pdf, id=92, 4313.11375pt x 2658.93375pt>
File: queue_FC-eps-converted-to.pdf Graphic file (type pdf)

<use queue_FC-eps-converted-to.pdf>
Package pdftex.def Info: queue_FC-eps-converted-to.pdf used on input line 922.
(pdftex.def)             Requested size: 199.64731pt x 123.0549pt.
Package epstopdf Info: Source file: <queue_FC_hyperthreads.eps>
(epstopdf)                    date: 2017-01-26 18:08:20
(epstopdf)                    size: 1189604 bytes
(epstopdf)             Output file: <queue_FC_hyperthreads-eps-converted-to.pdf
>
(epstopdf)                    date: 2017-01-26 18:10:08
(epstopdf)                    size: 191538 bytes
(epstopdf)             Command: <epstopdf --outfile=queue_FC_hyperthreads-eps-c
onverted-to.pdf queue_FC_hyperthreads.eps>
(epstopdf)             \includegraphics on input line 923.
Package epstopdf Info: Output file is already uptodate.

<queue_FC_hyperthreads-eps-converted-to.pdf, id=93, 4497.80376pt x 2618.78375pt
>
File: queue_FC_hyperthreads-eps-converted-to.pdf Graphic file (type pdf)
 <use queue_FC_hyperthreads-eps-converted-to.pdf>
Package pdftex.def Info: queue_FC_hyperthreads-eps-converted-to.pdf used on inp
ut line 923.
(pdftex.def)             Requested size: 211.38832pt x 123.07486pt.
Package epstopdf Info: Source file: <queue_FandA.eps>
(epstopdf)                    date: 2017-01-26 18:08:18
(epstopdf)                    size: 1080725 bytes
(epstopdf)             Output file: <queue_FandA-eps-converted-to.pdf>
(epstopdf)                    date: 2017-01-26 18:10:10
(epstopdf)                    size: 170975 bytes
(epstopdf)             Command: <epstopdf --outfile=queue_FandA-eps-converted-t
o.pdf queue_FandA.eps>
(epstopdf)             \includegraphics on input line 924.
Package epstopdf Info: Output file is already uptodate.

<queue_FandA-eps-converted-to.pdf, id=94, 4216.75375pt x 2482.27374pt>
File: queue_FandA-eps-converted-to.pdf Graphic file (type pdf)

<use queue_FandA-eps-converted-to.pdf>
Package pdftex.def Info: queue_FandA-eps-converted-to.pdf used on input line 92
4.
(pdftex.def)             Requested size: 211.38832pt x 124.42397pt.
Package epstopdf Info: Source file: <queue_FandA_hyperthreads.eps>
(epstopdf)                    date: 2017-01-26 18:08:19
(epstopdf)                    size: 1154991 bytes
(epstopdf)             Output file: <queue_FandA_hyperthreads-eps-converted-to.
pdf>
(epstopdf)                    date: 2017-01-26 18:10:11
(epstopdf)                    size: 222625 bytes
(epstopdf)             Command: <epstopdf --outfile=queue_FandA_hyperthreads-ep
s-converted-to.pdf queue_FandA_hyperthreads.eps>
(epstopdf)             \includegraphics on input line 925.
Package epstopdf Info: Output file is already uptodate.

<queue_FandA_hyperthreads-eps-converted-to.pdf, id=95, 4216.75375pt x 2498.3337
6pt>
File: queue_FandA_hyperthreads-eps-converted-to.pdf Graphic file (type pdf)
 <use queue_FandA_hyperthreads-eps-converted-to.pdf>
Package pdftex.def Info: queue_FandA_hyperthreads-eps-converted-to.pdf used on 
input line 925.
(pdftex.def)             Requested size: 211.38832pt x 125.22897pt.
 [15]
("D:\research\PIM-Managed Concurrent Data Structures\PIM-Managed Concurrent Dat
a Structures.bbl" [16 <D:/research/PIM-Managed Concurrent Data Structures/queue
_FC-eps-converted-to.pdf> <D:/research/PIM-Managed Concurrent Data Structures/q
ueue_FC_hyperthreads-eps-converted-to.pdf> <D:/research/PIM-Managed Concurrent 
Data Structures/queue_FandA-eps-converted-to.pdf> <D:/research/PIM-Managed Conc
urrent Data Structures/queue_FandA_hyperthreads-eps-converted-to.pdf>] [17])
[18] [19] [20]
("D:\research\PIM-Managed Concurrent Data Structures\PIM-Managed Concurrent Dat
a Structures.aux") )
(\end occurred inside a group at level 1)

### simple group (level 1) entered at line 1061 ({)
### bottom level 
Here is how much of TeX's memory you used:
 3671 strings out of 493921
 53355 string characters out of 3154500
 131908 words of memory out of 3000000
 6891 multiletter control sequences out of 15000+200000
 14864 words of font info for 56 fonts, out of 3000000 for 9000
 841 hyphenation exceptions out of 8191
 42i,22n,40p,492b,2435s stack positions out of 5000i,500n,10000p,200000b,50000s
<D:/MiKTeX/fonts/type1/public/amsfonts/cm/cmbx10.pfb><D:/MiKTeX
/fonts/type1/public/amsfonts/cm/cmbx12.pfb><D:/MiKTeX/fonts/type1/public/amsfon
ts/cm/cmbx8.pfb><D:/MiKTeX/fonts/type1/public/amsfonts/cm/cmbxti10.pfb><D:/MiKT
eX/fonts/type1/public/amsfonts/cm/cmex10.pfb><D:/MiKTeX/fonts/type1/public/amsf
onts/cm/cmmi10.pfb><D:/MiKTeX/fonts/type1/public/amsfonts/cm/cmmi6.pfb><D:/MiKT
eX/fonts/type1/public/amsfonts/cm/cmmi8.pfb><D:/MiKTeX/fonts/type1/public/amsfo
nts/cm/cmmi9.pfb><D:/MiKTeX/fonts/type1/public/amsfonts/cm/cmr10.pfb><D:/MiKTeX
/fonts/type1/public/amsfonts/cm/cmr17.pfb><D:/MiKTeX/fonts/type1/public/amsfont
s/cm/cmr6.pfb><D:/MiKTeX/fonts/type1/public/amsfonts/cm/cmr8.pfb><D:/MiKTeX/fon
ts/type1/public/amsfonts/cm/cmr9.pfb><D:/MiKTeX/fonts/type1/public/amsfonts/cm/
cmsy10.pfb><D:/MiKTeX/fonts/type1/public/amsfonts/cm/cmsy8.pfb><D:/MiKTeX/fonts
/type1/public/amsfonts/cm/cmsy9.pfb><D:/MiKTeX/fonts/type1/public/amsfonts/cm/c
mti10.pfb>
Output written on "PIM-Managed Concurrent Data Structures.pdf" (20 pages, 29647
62 bytes).
PDF statistics:
 183 PDF objects out of 1000 (max. 8388607)
 0 named destinations out of 1000 (max. 500000)
 56 words of extra memory for PDF output out of 10000 (max. 10000000)

